<?xml version="1.0" encoding="UTF-8"?>
<!-- Generated by org.testng.reporters.JUnitReportReporter -->
<testsuite hostname="darling_basha" failures="0" tests="1" name="javaBasicPrograms.Test1" time="0.008" errors="0" timestamp="2024-06-12T10:48:04 IST" skipped="0">
  <testcase classname="javaBasicPrograms.Test1" name="regular" time="0.008"/>
</testsuite> <!-- javaBasicPrograms.Test1 -->
