<?xml version="1.0" encoding="UTF-8"?>
<!-- Generated by org.testng.reporters.JUnitReportReporter -->
<testsuite hostname="darling_basha" failures="0" tests="3" name="javaStreams.Test1" time="0.054" errors="0" timestamp="2024-06-12T10:36:54 IST" skipped="0">
  <testcase classname="javaStreams.Test1" name="stremMap" time="0.013"/>
  <testcase classname="javaStreams.Test1" name="streamFilter" time="0.024"/>
  <testcase classname="javaStreams.Test1" name="StreamCollections" time="0.017"/>
</testsuite> <!-- javaStreams.Test1 -->
