<?xml version="1.0" encoding="UTF-8"?>
<!-- Generated by org.testng.reporters.JUnitReportReporter -->
<testsuite hostname="darling_basha" failures="0" tests="1" name="oopsconcepts.Inheritance2" time="0.012" errors="0" timestamp="2023-10-15T11:55:16 IST" skipped="0">
  <testcase classname="oopsconcepts.Inheritance2" name="runclass" time="0.012"/>
</testsuite> <!-- oopsconcepts.Inheritance2 -->
