<?xml version="1.0" encoding="UTF-8"?>
<!-- Generated by org.testng.reporters.JUnitReportReporter -->
<testsuite hostname="darling_basha" failures="0" tests="2" name="testNGFrameWork.Day1" time="0.015" errors="0" timestamp="2025-03-27T21:05:06 IST" skipped="0">
  <testcase classname="testNGFrameWork.Day1" name="personalLoan" time="0.001"/>
  <testcase classname="testNGFrameWork.Day1" name="carLoan" time="0.014"/>
</testsuite> <!-- testNGFrameWork.Day1 -->
